d:\users\rene-keijzer\documents\github\thegrid\debug\vc120.pdb
d:\users\rene-keijzer\documents\github\thegrid\debug\vc120.idb
c:\users\rene\documents\github\thegrid\thegrid\debug\vc120.pdb
c:\users\rene\documents\github\thegrid\thegrid\debug\vc120.idb
c:\users\rene\documents\github\thegrid\thegrid\debug\basecomponent.obj
c:\users\rene\documents\github\thegrid\thegrid\debug\basepool.obj
c:\users\rene\documents\github\thegrid\thegrid\debug\basesystem.obj
c:\users\rene\documents\github\thegrid\thegrid\debug\entity.obj
c:\users\rene\documents\github\thegrid\thegrid\debug\entitymanager.obj
c:\users\rene\documents\github\thegrid\thegrid\debug\systemmanager.obj
c:\users\rene\documents\github\thegrid\thegrid\debug\test.obj
d:\users\rene-keijzer\documents\github\thegrid\debug\thegrid.ilk
d:\users\rene-keijzer\documents\github\thegrid\debug\thegrid.exe
d:\users\rene-keijzer\documents\github\thegrid\debug\thegrid.pdb
c:\users\rene\documents\github\thegrid\thegrid\debug\thegrid.ilk
c:\users\rene\documents\github\thegrid\thegrid\debug\thegrid.pdb
c:\users\rene\documents\github\thegrid\debug\thegrid.pdb
c:\users\rene\documents\github\thegrid\thegrid\debug\thegrid.tlog\cl.command.1.tlog
c:\users\rene\documents\github\thegrid\thegrid\debug\thegrid.tlog\cl.read.1.tlog
c:\users\rene\documents\github\thegrid\thegrid\debug\thegrid.tlog\cl.write.1.tlog
c:\users\rene\documents\github\thegrid\thegrid\debug\thegrid.tlog\link.command.1.tlog
c:\users\rene\documents\github\thegrid\thegrid\debug\thegrid.tlog\link.read.1.tlog
c:\users\rene\documents\github\thegrid\thegrid\debug\thegrid.tlog\link.write.1.tlog
