Build started 2/3/2015 12:09:11 PM.
     1>Project "C:\Users\rene\Documents\GitHub\TheGrid\TheGrid\TheGrid.vcxproj" on node 2 (Build target(s)).
     1>ClCompile:
         C:\Program Files (x86)\Microsoft Visual Studio 12.0\VC\bin\CL.exe /c /ZI /nologo /W3 /WX- /sdl /Od /Oy- /D _MBCS /Gm /EHsc /RTC1 /MDd /GS /fp:precise /Zc:wchar_t /Zc:forScope /Fo"Debug\\" /Fd"Debug\vc120.pdb" /Gd /TP /analyze- /errorReport:prompt BaseSystem.cpp Entity.cpp EntityManager.cpp SystemManager.cpp test.cpp
         test.cpp
     1>c:\users\rene\documents\github\thegrid\thegrid\entitymanager.hpp(63): error C2146: syntax error : missing ';' before identifier 'withComponents'
     1>c:\users\rene\documents\github\thegrid\thegrid\entitymanager.hpp(63): error C2238: unexpected token(s) preceding ';'
     1>c:\users\rene\documents\github\thegrid\thegrid\entitymanager.hpp(66): error C4430: missing type specifier - int assumed. Note: C++ does not support default-int
     1>c:\users\rene\documents\github\thegrid\thegrid\entitymanager.hpp(66): error C2143: syntax error : missing ';' before '<end Parse>'
     1>c:\users\rene\documents\github\thegrid\thegrid\entitymanager.hpp(66): warning C4183: 'withComponents': missing return type; assumed to be a member function returning 'int'
     1>c:\users\rene\documents\github\thegrid\thegrid\entitymanager.hpp(69): error C2334: unexpected token(s) preceding '{'; skipping apparent function body
         SystemManager.cpp
     1>c:\users\rene\documents\github\thegrid\thegrid\entitymanager.hpp(63): error C2146: syntax error : missing ';' before identifier 'withComponents'
     1>c:\users\rene\documents\github\thegrid\thegrid\entitymanager.hpp(63): error C2238: unexpected token(s) preceding ';'
     1>c:\users\rene\documents\github\thegrid\thegrid\entitymanager.hpp(66): error C4430: missing type specifier - int assumed. Note: C++ does not support default-int
     1>c:\users\rene\documents\github\thegrid\thegrid\entitymanager.hpp(66): error C2143: syntax error : missing ';' before '<end Parse>'
     1>c:\users\rene\documents\github\thegrid\thegrid\entitymanager.hpp(66): warning C4183: 'withComponents': missing return type; assumed to be a member function returning 'int'
     1>c:\users\rene\documents\github\thegrid\thegrid\entitymanager.hpp(69): error C2334: unexpected token(s) preceding '{'; skipping apparent function body
         EntityManager.cpp
     1>c:\users\rene\documents\github\thegrid\thegrid\entitymanager.hpp(63): error C2146: syntax error : missing ';' before identifier 'withComponents'
     1>c:\users\rene\documents\github\thegrid\thegrid\entitymanager.hpp(63): error C2238: unexpected token(s) preceding ';'
     1>c:\users\rene\documents\github\thegrid\thegrid\entitymanager.hpp(66): error C4430: missing type specifier - int assumed. Note: C++ does not support default-int
     1>c:\users\rene\documents\github\thegrid\thegrid\entitymanager.hpp(66): error C2143: syntax error : missing ';' before '<end Parse>'
     1>c:\users\rene\documents\github\thegrid\thegrid\entitymanager.hpp(66): warning C4183: 'withComponents': missing return type; assumed to be a member function returning 'int'
     1>c:\users\rene\documents\github\thegrid\thegrid\entitymanager.hpp(69): error C2334: unexpected token(s) preceding '{'; skipping apparent function body
     1>c:\users\rene\documents\github\thegrid\thegrid\entitymanager.cpp(34): error C2511: 'size_t EntityManager::capacity(void)' : overloaded member function not found in 'EntityManager'
                 c:\users\rene\documents\github\thegrid\thegrid\entitymanager.hpp(19) : see declaration of 'EntityManager'
     1>c:\users\rene\documents\github\thegrid\thegrid\entitymanager.cpp(35): error C2228: left of '.size' must have class/struct/union
     1>c:\users\rene\documents\github\thegrid\thegrid\entitymanager.cpp(40): error C2511: 'size_t EntityManager::size(void)' : overloaded member function not found in 'EntityManager'
                 c:\users\rene\documents\github\thegrid\thegrid\entitymanager.hpp(19) : see declaration of 'EntityManager'
     1>c:\users\rene\documents\github\thegrid\thegrid\entitymanager.cpp(41): error C2228: left of '.size' must have class/struct/union
         Entity.cpp
     1>c:\users\rene\documents\github\thegrid\thegrid\entitymanager.hpp(63): error C2146: syntax error : missing ';' before identifier 'withComponents'
     1>c:\users\rene\documents\github\thegrid\thegrid\entitymanager.hpp(63): error C2238: unexpected token(s) preceding ';'
     1>c:\users\rene\documents\github\thegrid\thegrid\entitymanager.hpp(66): error C4430: missing type specifier - int assumed. Note: C++ does not support default-int
     1>c:\users\rene\documents\github\thegrid\thegrid\entitymanager.hpp(66): error C2143: syntax error : missing ';' before '<end Parse>'
     1>c:\users\rene\documents\github\thegrid\thegrid\entitymanager.hpp(66): warning C4183: 'withComponents': missing return type; assumed to be a member function returning 'int'
     1>c:\users\rene\documents\github\thegrid\thegrid\entitymanager.hpp(69): error C2334: unexpected token(s) preceding '{'; skipping apparent function body
         BaseSystem.cpp
     1>c:\users\rene\documents\github\thegrid\thegrid\entitymanager.hpp(63): error C2146: syntax error : missing ';' before identifier 'withComponents'
     1>c:\users\rene\documents\github\thegrid\thegrid\entitymanager.hpp(63): error C2238: unexpected token(s) preceding ';'
     1>c:\users\rene\documents\github\thegrid\thegrid\entitymanager.hpp(66): error C4430: missing type specifier - int assumed. Note: C++ does not support default-int
     1>c:\users\rene\documents\github\thegrid\thegrid\entitymanager.hpp(66): error C2143: syntax error : missing ';' before '<end Parse>'
     1>c:\users\rene\documents\github\thegrid\thegrid\entitymanager.hpp(66): warning C4183: 'withComponents': missing return type; assumed to be a member function returning 'int'
     1>c:\users\rene\documents\github\thegrid\thegrid\entitymanager.hpp(69): error C2334: unexpected token(s) preceding '{'; skipping apparent function body
         Generating Code...
     1>Done Building Project "C:\Users\rene\Documents\GitHub\TheGrid\TheGrid\TheGrid.vcxproj" (Build target(s)) -- FAILED.

Build FAILED.

Time Elapsed 00:00:01.66
